2024-12-25 21:47:16,587 - root - DEBUG - Getting user by email: mgloessl04@gmail.com
2024-12-25 21:47:16,587 - root - DEBUG - Getting user by email: mgloessl04@gmail.com
2024-12-25 21:47:16,588 - sqlalchemy.engine.Engine - INFO - BEGIN (implicit)
2024-12-25 21:47:16,588 - sqlalchemy.engine.Engine - INFO - SELECT user.id AS user_id, user.person_id AS user_person_id, user.username AS user_username, user.email AS user_email 
FROM user 
WHERE user.email = ?
2024-12-25 21:47:16,588 - sqlalchemy.engine.Engine - INFO - [cached since 2046s ago] ('mgloessl04@gmail.com',)
2024-12-25 21:47:16,589 - sqlalchemy.engine.Engine - INFO - ROLLBACK
2024-12-25 21:47:16,870 - root - DEBUG - Getting ratings for person with ID 1
2024-12-25 21:47:16,871 - root - DEBUG - Getting ratings for person with ID 1
2024-12-25 21:47:16,871 - sqlalchemy.engine.Engine - INFO - BEGIN (implicit)
2024-12-25 21:47:16,871 - sqlalchemy.engine.Engine - INFO - BEGIN (implicit)
2024-12-25 21:47:16,871 - sqlalchemy.engine.Engine - INFO - SELECT rating.id AS rating_id, rating.person_id AS rating_person_id, rating.user_id AS rating_user_id, rating.score AS rating_score, rating.hot AS rating_hot, rating.crazy AS rating_crazy, rating.nice AS rating_nice, rating.comment AS rating_comment 
FROM rating 
WHERE rating.person_id = ?
2024-12-25 21:47:16,872 - sqlalchemy.engine.Engine - INFO - SELECT rating.id AS rating_id, rating.person_id AS rating_person_id, rating.user_id AS rating_user_id, rating.score AS rating_score, rating.hot AS rating_hot, rating.crazy AS rating_crazy, rating.nice AS rating_nice, rating.comment AS rating_comment 
FROM rating 
WHERE rating.person_id = ?
2024-12-25 21:47:16,872 - sqlalchemy.engine.Engine - INFO - [cached since 2068s ago] (1,)
2024-12-25 21:47:16,872 - sqlalchemy.engine.Engine - INFO - [cached since 2068s ago] (1,)
2024-12-25 21:47:16,872 - sqlalchemy.engine.Engine - INFO - ROLLBACK
2024-12-25 21:47:16,872 - sqlalchemy.engine.Engine - INFO - ROLLBACK
2024-12-25 21:47:16,932 - root - DEBUG - Getting person with ID 1
2024-12-25 21:47:16,932 - sqlalchemy.engine.Engine - INFO - BEGIN (implicit)
2024-12-25 21:47:16,933 - sqlalchemy.engine.Engine - INFO - SELECT person.id AS person_id, person.user_id AS person_user_id, person.name AS person_name, person.surname AS person_surname, person.image_url AS person_image_url 
FROM person 
WHERE person.id = ?
2024-12-25 21:47:16,933 - sqlalchemy.engine.Engine - INFO - [cached since 2067s ago] (1,)
2024-12-25 21:47:16,933 - sqlalchemy.engine.Engine - INFO - ROLLBACK
2024-12-25 21:47:16,939 - root - DEBUG - Getting user with ID 1
2024-12-25 21:47:16,940 - sqlalchemy.engine.Engine - INFO - BEGIN (implicit)
2024-12-25 21:47:16,940 - sqlalchemy.engine.Engine - INFO - SELECT user.id AS user_id, user.person_id AS user_person_id, user.username AS user_username, user.email AS user_email 
FROM user 
WHERE user.id = ?
2024-12-25 21:47:16,940 - sqlalchemy.engine.Engine - INFO - [cached since 2067s ago] (1,)
2024-12-25 21:47:16,941 - sqlalchemy.engine.Engine - INFO - ROLLBACK
2024-12-25 21:47:16,947 - root - DEBUG - Getting rating for user with ID 1 and person with ID 1
2024-12-25 21:47:16,948 - sqlalchemy.engine.Engine - INFO - BEGIN (implicit)
2024-12-25 21:47:16,948 - sqlalchemy.engine.Engine - INFO - SELECT rating.id AS rating_id, rating.person_id AS rating_person_id, rating.user_id AS rating_user_id, rating.score AS rating_score, rating.hot AS rating_hot, rating.crazy AS rating_crazy, rating.nice AS rating_nice, rating.comment AS rating_comment 
FROM rating 
WHERE rating.user_id = ? AND rating.person_id = ?
2024-12-25 21:47:16,948 - sqlalchemy.engine.Engine - INFO - [cached since 2067s ago] (1, 1)
2024-12-25 21:47:16,949 - root - WARNING - No row was found when one was required
2024-12-25 21:47:16,949 - sqlalchemy.engine.Engine - INFO - ROLLBACK
2024-12-25 21:50:20,763 - root - DEBUG - Getting user by email: mgloessl04@gmail.com
2024-12-25 21:50:20,764 - root - DEBUG - Getting user by email: mgloessl04@gmail.com
2024-12-25 21:50:20,764 - sqlalchemy.engine.Engine - INFO - BEGIN (implicit)
2024-12-25 21:50:20,765 - sqlalchemy.engine.Engine - INFO - SELECT user.id AS user_id, user.person_id AS user_person_id, user.username AS user_username, user.email AS user_email 
FROM user 
WHERE user.email = ?
2024-12-25 21:50:20,765 - sqlalchemy.engine.Engine - INFO - [cached since 2230s ago] ('mgloessl04@gmail.com',)
2024-12-25 21:50:20,766 - sqlalchemy.engine.Engine - INFO - ROLLBACK
2024-12-25 21:50:21,266 - root - DEBUG - Getting ratings for person with ID 1
2024-12-25 21:50:21,267 - sqlalchemy.engine.Engine - INFO - BEGIN (implicit)
2024-12-25 21:50:21,267 - root - DEBUG - Getting person with ID 1
2024-12-25 21:50:21,267 - sqlalchemy.engine.Engine - INFO - SELECT rating.id AS rating_id, rating.person_id AS rating_person_id, rating.user_id AS rating_user_id, rating.score AS rating_score, rating.hot AS rating_hot, rating.crazy AS rating_crazy, rating.nice AS rating_nice, rating.comment AS rating_comment 
FROM rating 
WHERE rating.person_id = ?
2024-12-25 21:50:21,268 - root - DEBUG - Getting ratings for person with ID 1
2024-12-25 21:50:21,268 - sqlalchemy.engine.Engine - INFO - BEGIN (implicit)
2024-12-25 21:50:21,268 - sqlalchemy.engine.Engine - INFO - [cached since 2252s ago] (1,)
2024-12-25 21:50:21,268 - sqlalchemy.engine.Engine - INFO - BEGIN (implicit)
2024-12-25 21:50:21,268 - sqlalchemy.engine.Engine - INFO - SELECT person.id AS person_id, person.user_id AS person_user_id, person.name AS person_name, person.surname AS person_surname, person.image_url AS person_image_url 
FROM person 
WHERE person.id = ?
2024-12-25 21:50:21,268 - sqlalchemy.engine.Engine - INFO - SELECT rating.id AS rating_id, rating.person_id AS rating_person_id, rating.user_id AS rating_user_id, rating.score AS rating_score, rating.hot AS rating_hot, rating.crazy AS rating_crazy, rating.nice AS rating_nice, rating.comment AS rating_comment 
FROM rating 
WHERE rating.person_id = ?
2024-12-25 21:50:21,268 - sqlalchemy.engine.Engine - INFO - ROLLBACK
2024-12-25 21:50:21,269 - sqlalchemy.engine.Engine - INFO - [cached since 2252s ago] (1,)
2024-12-25 21:50:21,269 - sqlalchemy.engine.Engine - INFO - [cached since 2252s ago] (1,)
2024-12-25 21:50:21,269 - sqlalchemy.engine.Engine - INFO - ROLLBACK
2024-12-25 21:50:21,269 - sqlalchemy.engine.Engine - INFO - ROLLBACK
2024-12-25 21:50:21,423 - root - DEBUG - Getting user with ID 1
2024-12-25 21:50:21,423 - sqlalchemy.engine.Engine - INFO - BEGIN (implicit)
2024-12-25 21:50:21,424 - sqlalchemy.engine.Engine - INFO - SELECT user.id AS user_id, user.person_id AS user_person_id, user.username AS user_username, user.email AS user_email 
FROM user 
WHERE user.id = ?
2024-12-25 21:50:21,424 - sqlalchemy.engine.Engine - INFO - [cached since 2252s ago] (1,)
2024-12-25 21:50:21,425 - sqlalchemy.engine.Engine - INFO - ROLLBACK
2024-12-25 21:50:21,431 - root - DEBUG - Getting rating for user with ID 1 and person with ID 1
2024-12-25 21:50:21,431 - sqlalchemy.engine.Engine - INFO - BEGIN (implicit)
2024-12-25 21:50:21,431 - sqlalchemy.engine.Engine - INFO - SELECT rating.id AS rating_id, rating.person_id AS rating_person_id, rating.user_id AS rating_user_id, rating.score AS rating_score, rating.hot AS rating_hot, rating.crazy AS rating_crazy, rating.nice AS rating_nice, rating.comment AS rating_comment 
FROM rating 
WHERE rating.user_id = ? AND rating.person_id = ?
2024-12-25 21:50:21,431 - sqlalchemy.engine.Engine - INFO - [cached since 2252s ago] (1, 1)
2024-12-25 21:50:21,432 - root - WARNING - No row was found when one was required
2024-12-25 21:50:21,432 - sqlalchemy.engine.Engine - INFO - ROLLBACK
